-------------------------------------------------------------------------------
Test set: com.aurionpro.unlock.user.AppTest
-------------------------------------------------------------------------------
Tests run: 1, Failures: 0, Errors: 1, Skipped: 0, Time elapsed: 1.027 s <<< FAILURE! - in com.aurionpro.unlock.user.AppTest
com.aurionpro.unlock.user.AppTest  Time elapsed: 1.025 s  <<< ERROR!
java.lang.IllegalStateException: Unable to find a @SpringBootConfiguration, you need to use @ContextConfiguration or @SpringBootTest(classes=...) with your test

